  Laba1_V2.cpp
C:\Users\kalki\source\repos\Laba1_V2\Laba1_V2\Laba1_V2.cpp(19,32): warning C4267: инициализация: преобразование из "size_t" в "int"; возможна потеря данных
C:\Users\kalki\source\repos\Laba1_V2\Laba1_V2\Laba1_V2.cpp(25,9): error C4235: использовано нестандартное расширение: ключевое слово "__asm" данной архитектурой не поддерживается
C:\Users\kalki\source\repos\Laba1_V2\Laba1_V2\Laba1_V2.cpp(26,13): error C2065: mov: необъявленный идентификатор
C:\Users\kalki\source\repos\Laba1_V2\Laba1_V2\Laba1_V2.cpp(26,17): error C2146: синтаксическая ошибка: отсутствие ";" перед идентификатором "ecx"
C:\Users\kalki\source\repos\Laba1_V2\Laba1_V2\Laba1_V2.cpp(26,17): error C2065: ecx: необъявленный идентификатор
C:\Users\kalki\source\repos\Laba1_V2\Laba1_V2\Laba1_V2.cpp(27,13): error C2146: синтаксическая ошибка: отсутствие ";" перед идентификатором "mov"
C:\Users\kalki\source\repos\Laba1_V2\Laba1_V2\Laba1_V2.cpp(27,13): error C2065: mov: необъявленный идентификатор
C:\Users\kalki\source\repos\Laba1_V2\Laba1_V2\Laba1_V2.cpp(27,17): error C2146: синтаксическая ошибка: отсутствие ";" перед идентификатором "edi"
C:\Users\kalki\source\repos\Laba1_V2\Laba1_V2\Laba1_V2.cpp(27,17): error C2065: edi: необъявленный идентификатор
C:\Users\kalki\source\repos\Laba1_V2\Laba1_V2\Laba1_V2.cpp(28,13): error C2146: синтаксическая ошибка: отсутствие ";" перед идентификатором "sub"
C:\Users\kalki\source\repos\Laba1_V2\Laba1_V2\Laba1_V2.cpp(28,13): error C2065: sub: необъявленный идентификатор
C:\Users\kalki\source\repos\Laba1_V2\Laba1_V2\Laba1_V2.cpp(28,17): error C2146: синтаксическая ошибка: отсутствие ";" перед идентификатором "al"
C:\Users\kalki\source\repos\Laba1_V2\Laba1_V2\Laba1_V2.cpp(28,17): error C2065: al: необъявленный идентификатор
C:\Users\kalki\source\repos\Laba1_V2\Laba1_V2\Laba1_V2.cpp(28,21): error C2065: al: необъявленный идентификатор
C:\Users\kalki\source\repos\Laba1_V2\Laba1_V2\Laba1_V2.cpp(30,13): error C2146: синтаксическая ошибка: отсутствие ";" перед идентификатором "cld"
C:\Users\kalki\source\repos\Laba1_V2\Laba1_V2\Laba1_V2.cpp(30,13): error C2065: cld: необъявленный идентификатор
C:\Users\kalki\source\repos\Laba1_V2\Laba1_V2\Laba1_V2.cpp(34,13): error C2146: синтаксическая ошибка: отсутствие ";" перед идентификатором "repne"
C:\Users\kalki\source\repos\Laba1_V2\Laba1_V2\Laba1_V2.cpp(34,13): error C2065: repne: необъявленный идентификатор
C:\Users\kalki\source\repos\Laba1_V2\Laba1_V2\Laba1_V2.cpp(34,19): error C2146: синтаксическая ошибка: отсутствие ";" перед идентификатором "scasb"
C:\Users\kalki\source\repos\Laba1_V2\Laba1_V2\Laba1_V2.cpp(34,19): error C2065: scasb: необъявленный идентификатор
C:\Users\kalki\source\repos\Laba1_V2\Laba1_V2\Laba1_V2.cpp(40,13): error C2146: синтаксическая ошибка: отсутствие ";" перед идентификатором "dec"
C:\Users\kalki\source\repos\Laba1_V2\Laba1_V2\Laba1_V2.cpp(40,17): error C2146: синтаксическая ошибка: отсутствие ";" перед идентификатором "edi"
C:\Users\kalki\source\repos\Laba1_V2\Laba1_V2\Laba1_V2.cpp(40,13): warning C4551: в вызове функции отсутствует список аргументов
C:\Users\kalki\source\repos\Laba1_V2\Laba1_V2\Laba1_V2.cpp(40,17): error C2065: edi: необъявленный идентификатор
C:\Users\kalki\source\repos\Laba1_V2\Laba1_V2\Laba1_V2.cpp(41,13): error C2146: синтаксическая ошибка: отсутствие ";" перед идентификатором "mov"
C:\Users\kalki\source\repos\Laba1_V2\Laba1_V2\Laba1_V2.cpp(41,13): error C2065: mov: необъявленный идентификатор
C:\Users\kalki\source\repos\Laba1_V2\Laba1_V2\Laba1_V2.cpp(41,17): error C2146: синтаксическая ошибка: отсутствие ";" перед идентификатором "esi"
C:\Users\kalki\source\repos\Laba1_V2\Laba1_V2\Laba1_V2.cpp(41,17): error C2065: esi: необъявленный идентификатор
C:\Users\kalki\source\repos\Laba1_V2\Laba1_V2\Laba1_V2.cpp(42,13): error C2146: синтаксическая ошибка: отсутствие ";" перед идентификатором "sub"
C:\Users\kalki\source\repos\Laba1_V2\Laba1_V2\Laba1_V2.cpp(42,13): error C2065: sub: необъявленный идентификатор
C:\Users\kalki\source\repos\Laba1_V2\Laba1_V2\Laba1_V2.cpp(42,17): error C2146: синтаксическая ошибка: отсутствие ";" перед идентификатором "edi"
C:\Users\kalki\source\repos\Laba1_V2\Laba1_V2\Laba1_V2.cpp(42,17): error C2065: edi: необъявленный идентификатор
C:\Users\kalki\source\repos\Laba1_V2\Laba1_V2\Laba1_V2.cpp(42,22): error C2065: esi: необъявленный идентификатор
C:\Users\kalki\source\repos\Laba1_V2\Laba1_V2\Laba1_V2.cpp(43,13): error C2146: синтаксическая ошибка: отсутствие ";" перед идентификатором "mov"
C:\Users\kalki\source\repos\Laba1_V2\Laba1_V2\Laba1_V2.cpp(43,13): error C2065: mov: необъявленный идентификатор
C:\Users\kalki\source\repos\Laba1_V2\Laba1_V2\Laba1_V2.cpp(43,17): error C2146: синтаксическая ошибка: отсутствие ";" перед идентификатором "edx"
C:\Users\kalki\source\repos\Laba1_V2\Laba1_V2\Laba1_V2.cpp(43,17): error C2065: edx: необъявленный идентификатор
C:\Users\kalki\source\repos\Laba1_V2\Laba1_V2\Laba1_V2.cpp(43,22): error C2065: edi: необъявленный идентификатор
C:\Users\kalki\source\repos\Laba1_V2\Laba1_V2\Laba1_V2.cpp(44,13): error C2146: синтаксическая ошибка: отсутствие ";" перед идентификатором "mov"
C:\Users\kalki\source\repos\Laba1_V2\Laba1_V2\Laba1_V2.cpp(44,13): error C2065: mov: необъявленный идентификатор
C:\Users\kalki\source\repos\Laba1_V2\Laba1_V2\Laba1_V2.cpp(44,17): error C2146: синтаксическая ошибка: отсутствие ";" перед идентификатором "ecx"
C:\Users\kalki\source\repos\Laba1_V2\Laba1_V2\Laba1_V2.cpp(44,17): error C2065: ecx: необъявленный идентификатор
C:\Users\kalki\source\repos\Laba1_V2\Laba1_V2\Laba1_V2.cpp(44,22): error C2065: edi: необъявленный идентификатор
C:\Users\kalki\source\repos\Laba1_V2\Laba1_V2\Laba1_V2.cpp(46,13): error C2146: синтаксическая ошибка: отсутствие ";" перед идентификатором "mov"
C:\Users\kalki\source\repos\Laba1_V2\Laba1_V2\Laba1_V2.cpp(46,13): error C2065: mov: необъявленный идентификатор
C:\Users\kalki\source\repos\Laba1_V2\Laba1_V2\Laba1_V2.cpp(46,17): error C2146: синтаксическая ошибка: отсутствие ";" перед идентификатором "eax"
C:\Users\kalki\source\repos\Laba1_V2\Laba1_V2\Laba1_V2.cpp(46,17): error C2065: eax: необъявленный идентификатор
C:\Users\kalki\source\repos\Laba1_V2\Laba1_V2\Laba1_V2.cpp(47,13): error C2146: синтаксическая ошибка: отсутствие ";" перед идентификатором "lea"
C:\Users\kalki\source\repos\Laba1_V2\Laba1_V2\Laba1_V2.cpp(47,13): error C2065: lea: необъявленный идентификатор
C:\Users\kalki\source\repos\Laba1_V2\Laba1_V2\Laba1_V2.cpp(47,17): error C2146: синтаксическая ошибка: отсутствие ";" перед идентификатором "edi"
C:\Users\kalki\source\repos\Laba1_V2\Laba1_V2\Laba1_V2.cpp(47,17): error C2065: edi: необъявленный идентификатор
C:\Users\kalki\source\repos\Laba1_V2\Laba1_V2\Laba1_V2.cpp(48,13): error C2146: синтаксическая ошибка: отсутствие ";" перед идентификатором "Copy_loop"
C:\Users\kalki\source\repos\Laba1_V2\Laba1_V2\Laba1_V2.cpp(49,13): error C2065: mov: необъявленный идентификатор
C:\Users\kalki\source\repos\Laba1_V2\Laba1_V2\Laba1_V2.cpp(49,17): error C2146: синтаксическая ошибка: отсутствие ";" перед идентификатором "ecx"
C:\Users\kalki\source\repos\Laba1_V2\Laba1_V2\Laba1_V2.cpp(49,17): error C2065: ecx: необъявленный идентификатор
C:\Users\kalki\source\repos\Laba1_V2\Laba1_V2\Laba1_V2.cpp(49,22): error C2065: edx: необъявленный идентификатор
C:\Users\kalki\source\repos\Laba1_V2\Laba1_V2\Laba1_V2.cpp(50,17): error C2146: синтаксическая ошибка: отсутствие ";" перед идентификатором "rep"
C:\Users\kalki\source\repos\Laba1_V2\Laba1_V2\Laba1_V2.cpp(50,17): error C2065: rep: необъявленный идентификатор
C:\Users\kalki\source\repos\Laba1_V2\Laba1_V2\Laba1_V2.cpp(50,21): error C2146: синтаксическая ошибка: отсутствие ";" перед идентификатором "movsb"
C:\Users\kalki\source\repos\Laba1_V2\Laba1_V2\Laba1_V2.cpp(50,21): error C2065: movsb: необъявленный идентификатор
C:\Users\kalki\source\repos\Laba1_V2\Laba1_V2\Laba1_V2.cpp(51,17): error C2146: синтаксическая ошибка: отсутствие ";" перед идентификатором "mov"
C:\Users\kalki\source\repos\Laba1_V2\Laba1_V2\Laba1_V2.cpp(51,17): error C2065: mov: необъявленный идентификатор
C:\Users\kalki\source\repos\Laba1_V2\Laba1_V2\Laba1_V2.cpp(51,21): error C2146: синтаксическая ошибка: отсутствие ";" перед идентификатором "esi"
C:\Users\kalki\source\repos\Laba1_V2\Laba1_V2\Laba1_V2.cpp(51,21): error C2065: esi: необъявленный идентификатор
C:\Users\kalki\source\repos\Laba1_V2\Laba1_V2\Laba1_V2.cpp(52,17): error C2146: синтаксическая ошибка: отсутствие ";" перед идентификатором "dec"
C:\Users\kalki\source\repos\Laba1_V2\Laba1_V2\Laba1_V2.cpp(52,21): error C2146: синтаксическая ошибка: отсутствие ";" перед идентификатором "eax"
C:\Users\kalki\source\repos\Laba1_V2\Laba1_V2\Laba1_V2.cpp(52,17): warning C4551: в вызове функции отсутствует список аргументов
C:\Users\kalki\source\repos\Laba1_V2\Laba1_V2\Laba1_V2.cpp(52,21): error C2065: eax: необъявленный идентификатор
C:\Users\kalki\source\repos\Laba1_V2\Laba1_V2\Laba1_V2.cpp(53,17): error C2146: синтаксическая ошибка: отсутствие ";" перед идентификатором "jnz"
C:\Users\kalki\source\repos\Laba1_V2\Laba1_V2\Laba1_V2.cpp(53,17): error C2065: jnz: необъявленный идентификатор
C:\Users\kalki\source\repos\Laba1_V2\Laba1_V2\Laba1_V2.cpp(53,21): error C2146: синтаксическая ошибка: отсутствие ";" перед идентификатором "Copy_loop"
C:\Users\kalki\source\repos\Laba1_V2\Laba1_V2\Laba1_V2.cpp(53,21): error C2065: Copy_loop: необъявленный идентификатор
C:\Users\kalki\source\repos\Laba1_V2\Laba1_V2\Laba1_V2.cpp(54,9): error C2143: синтаксическая ошибка: отсутствие ";" перед "}"
